2022-01-22 23:25:02.640 -03:00 [INF] Elite Dangerous: Minimal Launcher - v0.5.4
2022-01-22 23:25:02.853 -03:00 [DBG] 
    Args: [||]
    OS: Linux64
    
2022-01-22 23:25:02.867 -03:00 [DBG] Reading settings from '/home/lucas/.config/min-ed-launcher/settings.json'
2022-01-22 23:25:03.173 -03:00 [DBG] Settings: Error "Unknown platform. Failed to find Elite Dangerous install directory"
2022-01-22 23:25:03.173 -03:00 [ERR] Unknown platform. Failed to find Elite Dangerous install directory
2022-01-22 23:25:14.402 -03:00 [INF] Elite Dangerous: Minimal Launcher - v0.5.4
2022-01-22 23:25:14.588 -03:00 [DBG] 
    Args: [|"/epic"; "/autorun"; "/autoquit"; "/ed"|]
    OS: Linux64
    
2022-01-22 23:25:14.605 -03:00 [DBG] Reading settings from '/home/lucas/.config/min-ed-launcher/settings.json'
2022-01-22 23:25:14.967 -03:00 [DBG] Settings: Ok { Platform = Epic { ExchangeCode = ""
                       Type = ""
                       AppId = "" }
     DisplayMode = Pancake
     AutoRun = true
     AutoQuit = true
     WatchForCrashes = false
     ProductWhitelist = seq ["ed"]
     ForceLocal = true
     Proton = None
     CbLauncherDir = "/mnt/archlinux/Games/EliteDangerous/"
     PreferredLanguage = None
     ApiUri = https://api.zaonce.net/
     Restart = None
     AutoUpdate = true
     MaxConcurrentDownloads = 4
     ForceUpdate = set []
     Processes = []
     FilterOverrides = seq [[FORC-FDEV-DO-1000, edo]] }
2022-01-22 23:25:15.012 -03:00 [INF] Elite Runtime
    Platform: Epic
    CobraBay Version: 0.4.6709.0
    Products Dir: /mnt/archlinux/Games/EliteDangerous/Products
2022-01-22 23:25:16.731 -03:00 [DBG] Requesting epic token
2022-01-22 23:25:17.368 -03:00 [DBG] Requesting epic token failed: {"errorCode":"errors.com.epicgames.account.oauth.exchange_code_not_found","errorMessage":"Sorry the exchange code you supplied was not found. It is possible that it was no longer valid","messageVars":[],"numericErrorCode":18057,"originatingService":"com.epicgames.account.admin","intent":"prod","error_description":"Sorry the exchange code you supplied was not found. It is possible that it was no longer valid","error":"invalid_grant"}
2022-01-22 23:25:17.390 -03:00 [ERR] Couldn't login: 400: Bad Request
2022-01-22 23:26:13.099 -03:00 [INF] Elite Dangerous: Minimal Launcher - v0.5.4
2022-01-22 23:26:13.282 -03:00 [DBG] 
    Args: [|"/epic"; "/autorun"; "/autoquit"|]
    OS: Linux64
    
2022-01-22 23:26:13.295 -03:00 [DBG] Reading settings from '/home/lucas/.config/min-ed-launcher/settings.json'
2022-01-22 23:26:13.660 -03:00 [DBG] Settings: Ok { Platform = Epic { ExchangeCode = ""
                       Type = ""
                       AppId = "" }
     DisplayMode = Pancake
     AutoRun = true
     AutoQuit = true
     WatchForCrashes = false
     ProductWhitelist = seq []
     ForceLocal = true
     Proton = None
     CbLauncherDir = "/mnt/archlinux/Games/EliteDangerous/"
     PreferredLanguage = None
     ApiUri = https://api.zaonce.net/
     Restart = None
     AutoUpdate = true
     MaxConcurrentDownloads = 4
     ForceUpdate = set []
     Processes = []
     FilterOverrides = seq [[FORC-FDEV-DO-1000, edo]] }
2022-01-22 23:26:13.711 -03:00 [INF] Elite Runtime
    Platform: Epic
    CobraBay Version: 0.4.6709.0
    Products Dir: /mnt/archlinux/Games/EliteDangerous/Products
2022-01-22 23:26:15.047 -03:00 [DBG] Requesting epic token
2022-01-22 23:26:15.700 -03:00 [DBG] Requesting epic token failed: {"errorCode":"errors.com.epicgames.account.oauth.exchange_code_not_found","errorMessage":"Sorry the exchange code you supplied was not found. It is possible that it was no longer valid","messageVars":[],"numericErrorCode":18057,"originatingService":"com.epicgames.account.admin","intent":"prod","error_description":"Sorry the exchange code you supplied was not found. It is possible that it was no longer valid","error":"invalid_grant"}
2022-01-22 23:26:15.721 -03:00 [ERR] Couldn't login: 400: Bad Request
2022-01-22 23:26:20.668 -03:00 [INF] Elite Dangerous: Minimal Launcher - v0.5.4
2022-01-22 23:26:20.855 -03:00 [DBG] 
    Args: [|"/epic"|]
    OS: Linux64
    
2022-01-22 23:26:20.869 -03:00 [DBG] Reading settings from '/home/lucas/.config/min-ed-launcher/settings.json'
2022-01-22 23:26:21.241 -03:00 [DBG] Settings: Ok { Platform = Epic { ExchangeCode = ""
                       Type = ""
                       AppId = "" }
     DisplayMode = Pancake
     AutoRun = false
     AutoQuit = false
     WatchForCrashes = false
     ProductWhitelist = seq []
     ForceLocal = true
     Proton = None
     CbLauncherDir = "/mnt/archlinux/Games/EliteDangerous/"
     PreferredLanguage = None
     ApiUri = https://api.zaonce.net/
     Restart = None
     AutoUpdate = true
     MaxConcurrentDownloads = 4
     ForceUpdate = set []
     Processes = []
     FilterOverrides = seq [[FORC-FDEV-DO-1000, edo]] }
2022-01-22 23:26:21.287 -03:00 [INF] Elite Runtime
    Platform: Epic
    CobraBay Version: 0.4.6709.0
    Products Dir: /mnt/archlinux/Games/EliteDangerous/Products
2022-01-22 23:26:22.645 -03:00 [DBG] Requesting epic token
2022-01-22 23:26:23.326 -03:00 [DBG] Requesting epic token failed: {"errorCode":"errors.com.epicgames.account.oauth.exchange_code_not_found","errorMessage":"Sorry the exchange code you supplied was not found. It is possible that it was no longer valid","messageVars":[],"numericErrorCode":18057,"originatingService":"com.epicgames.account.admin","intent":"prod","error_description":"Sorry the exchange code you supplied was not found. It is possible that it was no longer valid","error":"invalid_grant"}
2022-01-22 23:26:23.348 -03:00 [ERR] Couldn't login: 400: Bad Request
2022-01-22 23:26:45.681 -03:00 [INF] Elite Dangerous: Minimal Launcher - v0.5.4
2022-01-22 23:26:45.861 -03:00 [DBG] 
    Args: [|"/epic"; "-auth_password=1q2w3e4rAZ[][]"|]
    OS: Linux64
    
2022-01-22 23:26:45.875 -03:00 [DBG] Reading settings from '/home/lucas/.config/min-ed-launcher/settings.json'
2022-01-22 23:26:46.248 -03:00 [DBG] Settings: Ok { Platform = Epic { ExchangeCode = "1q2w3e4rAZ[][]"
                       Type = ""
                       AppId = "" }
     DisplayMode = Pancake
     AutoRun = false
     AutoQuit = false
     WatchForCrashes = false
     ProductWhitelist = seq []
     ForceLocal = true
     Proton = None
     CbLauncherDir = "/mnt/archlinux/Games/EliteDangerous/"
     PreferredLanguage = None
     ApiUri = https://api.zaonce.net/
     Restart = None
     AutoUpdate = true
     MaxConcurrentDownloads = 4
     ForceUpdate = set []
     Processes = []
     FilterOverrides = seq [[FORC-FDEV-DO-1000, edo]] }
2022-01-22 23:26:46.293 -03:00 [INF] Elite Runtime
    Platform: Epic
    CobraBay Version: 0.4.6709.0
    Products Dir: /mnt/archlinux/Games/EliteDangerous/Products
2022-01-22 23:26:47.671 -03:00 [DBG] Requesting epic token
2022-01-22 23:26:48.321 -03:00 [DBG] Requesting epic token failed: {"errorCode":"errors.com.epicgames.account.oauth.exchange_code_not_found","errorMessage":"Sorry the exchange code you supplied was not found. It is possible that it was no longer valid","messageVars":[],"numericErrorCode":18057,"originatingService":"com.epicgames.account.admin","intent":"prod","error_description":"Sorry the exchange code you supplied was not found. It is possible that it was no longer valid","error":"invalid_grant"}
2022-01-22 23:26:48.344 -03:00 [ERR] Couldn't login: 400: Bad Request
2022-01-22 23:26:52.367 -03:00 [INF] Elite Dangerous: Minimal Launcher - v0.5.4
2022-01-22 23:26:52.548 -03:00 [DBG] 
    Args: [|"/epic"; "-auth_password=1q2w3e4rAZ[][]"|]
    OS: Linux64
    
2022-01-22 23:26:52.562 -03:00 [DBG] Reading settings from '/home/lucas/.config/min-ed-launcher/settings.json'
2022-01-22 23:26:52.927 -03:00 [DBG] Settings: Ok { Platform = Epic { ExchangeCode = "1q2w3e4rAZ[][]"
                       Type = ""
                       AppId = "" }
     DisplayMode = Pancake
     AutoRun = false
     AutoQuit = false
     WatchForCrashes = false
     ProductWhitelist = seq []
     ForceLocal = true
     Proton = None
     CbLauncherDir = "/mnt/archlinux/Games/EliteDangerous/"
     PreferredLanguage = None
     ApiUri = https://api.zaonce.net/
     Restart = None
     AutoUpdate = true
     MaxConcurrentDownloads = 4
     ForceUpdate = set []
     Processes = []
     FilterOverrides = seq [[FORC-FDEV-DO-1000, edo]] }
2022-01-22 23:26:52.973 -03:00 [INF] Elite Runtime
    Platform: Epic
    CobraBay Version: 0.4.6709.0
    Products Dir: /mnt/archlinux/Games/EliteDangerous/Products
2022-01-22 23:26:54.462 -03:00 [DBG] Requesting epic token
2022-01-22 23:26:55.217 -03:00 [DBG] Requesting epic token failed: {"errorCode":"errors.com.epicgames.account.oauth.exchange_code_not_found","errorMessage":"Sorry the exchange code you supplied was not found. It is possible that it was no longer valid","messageVars":[],"numericErrorCode":18057,"originatingService":"com.epicgames.account.admin","intent":"prod","error_description":"Sorry the exchange code you supplied was not found. It is possible that it was no longer valid","error":"invalid_grant"}
2022-01-22 23:26:55.239 -03:00 [ERR] Couldn't login: 400: Bad Request
2022-01-22 23:26:59.817 -03:00 [INF] Elite Dangerous: Minimal Launcher - v0.5.4
2022-01-22 23:27:00.000 -03:00 [DBG] 
    Args: [|"/epic"; "-auth_password"; "1q2w3e4rAZ[][]"|]
    OS: Linux64
    
2022-01-22 23:27:00.014 -03:00 [DBG] Reading settings from '/home/lucas/.config/min-ed-launcher/settings.json'
2022-01-22 23:27:00.378 -03:00 [DBG] Settings: Ok { Platform = Epic { ExchangeCode = ""
                       Type = ""
                       AppId = "" }
     DisplayMode = Pancake
     AutoRun = false
     AutoQuit = false
     WatchForCrashes = false
     ProductWhitelist = seq []
     ForceLocal = true
     Proton = None
     CbLauncherDir = "/mnt/archlinux/Games/EliteDangerous/"
     PreferredLanguage = None
     ApiUri = https://api.zaonce.net/
     Restart = None
     AutoUpdate = true
     MaxConcurrentDownloads = 4
     ForceUpdate = set []
     Processes = []
     FilterOverrides = seq [[FORC-FDEV-DO-1000, edo]] }
2022-01-22 23:27:00.423 -03:00 [INF] Elite Runtime
    Platform: Epic
    CobraBay Version: 0.4.6709.0
    Products Dir: /mnt/archlinux/Games/EliteDangerous/Products
2022-01-22 23:27:01.810 -03:00 [DBG] Requesting epic token
2022-01-22 23:27:02.488 -03:00 [DBG] Requesting epic token failed: {"errorCode":"errors.com.epicgames.account.oauth.exchange_code_not_found","errorMessage":"Sorry the exchange code you supplied was not found. It is possible that it was no longer valid","messageVars":[],"numericErrorCode":18057,"originatingService":"com.epicgames.account.admin","intent":"prod","error_description":"Sorry the exchange code you supplied was not found. It is possible that it was no longer valid","error":"invalid_grant"}
2022-01-22 23:27:02.510 -03:00 [ERR] Couldn't login: 400: Bad Request
